<?xml version="1.0" encoding="UTF-8"?>
<!-- Generated by org.testng.reporters.JUnitXMLReporter -->
<testsuite ignored="0" hostname="macbook-pro-de-kaan.home" failures="0" tests="20" name="Ant test" time="0.354" errors="0" timestamp="13 May 2018 13:21:57 GMT">
  <testcase classname="com.puck.reader.xml.ReaderTest" name="testExecuteBooleanQuery" time="0.03"/>
  <testcase classname="com.puck.reader.xml.ReaderTest" name="testExecuteNodeQuery" time="0.009"/>
  <testcase classname="com.puck.reader.xml.ReaderTest" name="testExecuteNodeSetQuery" time="0.005"/>
  <testcase classname="com.puck.reader.xml.ReaderTest" name="testExecuteStringQuery" time="0.002"/>
  <testcase classname="com.puck.reader.xml.ReaderTest" name="testGenerateEdgePathFromIndex" time="0.0"/>
  <testcase classname="com.puck.reader.xml.ReaderTest" name="testGenerateNodePathWithIndex" time="0.0"/>
  <testcase classname="com.puck.reader.xml.ReaderTest" name="testGetAllEdges" time="0.004"/>
  <testcase classname="com.puck.reader.xml.ReaderTest" name="testGetAllNodes" time="0.004"/>
  <testcase classname="com.puck.reader.xml.ReaderTest" name="testGetEdge" time="0.001"/>
  <testcase classname="com.puck.reader.xml.ReaderTest" name="testGetEdgeDestination" time="0.0"/>
  <testcase classname="com.puck.reader.xml.ReaderTest" name="testGetEdgeFrom" time="0.0"/>
  <testcase classname="com.puck.reader.xml.ReaderTest" name="testGetEdgeId" time="0.0"/>
  <testcase classname="com.puck.reader.xml.ReaderTest" name="testGetEdgeSource" time="0.0"/>
  <testcase classname="com.puck.reader.xml.ReaderTest" name="testGetEdgeType" time="0.0"/>
  <testcase classname="com.puck.reader.xml.ReaderTest" name="testGetNbEdges" time="0.002"/>
  <testcase classname="com.puck.reader.xml.ReaderTest" name="testGetNbNodes" time="0.002"/>
  <testcase classname="com.puck.reader.xml.ReaderTest" name="testGetNode" time="0.004"/>
  <testcase classname="com.puck.reader.xml.ReaderTest" name="testGetNodeId" time="0.003"/>
  <testcase classname="com.puck.reader.xml.ReaderTest" name="testGetNodeName" time="0.003"/>
  <testcase classname="com.puck.reader.xml.ReaderTest" name="testGetNodeType" time="0.002"/>
</testsuite> <!-- Ant test -->
