<?xml version="1.0" encoding="UTF-8" ?>
<testsuite errors="1" failures="0" hostname="macbook-pro-de-kaan.home" name="test.com.puck.reader.xml.ReaderTest" skipped="0" tests="1" time="0.0" timestamp="2018-05-11T04:22:46">
  <properties>
[...]
</properties>
  <error message="test.com.puck.reader.xml.ReaderTest" type="java.lang.ClassNotFoundException">java.lang.ClassNotFoundException: test.com.puck.reader.xml.ReaderTest
	at java.lang.ClassLoader.loadClass(ClassLoader.java:357)
	at java.lang.Class.forName0(Native Method)
	at java.lang.Class.forName(Class.java:348)
	at com.intellij.rt.ant.execution.AntMain2.main(AntMain2.java:30)
</error>
  <system-out><![CDATA[]]></system-out>
  <system-err><![CDATA[]]></system-err>
</testsuite>
