<?xml version="1.0" encoding="UTF-8" ?>
<testsuite errors="3" failures="0" hostname="macbook-pro-de-kaan.home" name="com.puck.nodes.piccolo2d.test.NodeContentTest" skipped="0" tests="3" time="0.073" timestamp="2018-03-04T23:39:46">
  <properties>
[...]
</properties>
  <testcase classname="com.puck.nodes.piccolo2d.test.NodeContentTest" name="initializationError" time="0.0">
    <error message="The class com.puck.nodes.piccolo2d.test.NodeContentTest is not public." type="java.lang.Exception">java.lang.Exception: The class com.puck.nodes.piccolo2d.test.NodeContentTest is not public.
	at java.lang.reflect.Constructor.newInstance(Constructor.java:423)
</error>
    <error message="Test class should have exactly one public constructor" type="java.lang.Exception">java.lang.Exception: Test class should have exactly one public constructor
	at java.lang.reflect.Constructor.newInstance(Constructor.java:423)
</error>
    <error message="No runnable methods" type="java.lang.Exception">java.lang.Exception: No runnable methods
	at java.lang.reflect.Constructor.newInstance(Constructor.java:423)
</error>
  </testcase>
  <system-out><![CDATA[]]></system-out>
  <system-err><![CDATA[]]></system-err>
</testsuite>
