<?xml version="1.0" encoding="UTF-8"?>
<testng-results ignored="0" total="20" passed="20" failed="0" skipped="0">
  <reporter-output>
  </reporter-output>
  <suite started-at="2018-05-13T02:27:06Z" name="Ant suite" finished-at="2018-05-13T02:27:06Z" duration-ms="360">
    <groups>
      <group name="executeBooleanQuery">
        <method signature="ReaderTest.testExecuteBooleanQuery()[pri:0, instance:com.puck.reader.xml.ReaderTest@2805c96b]" name="testExecuteBooleanQuery" class="com.puck.reader.xml.ReaderTest"/>
      </group> <!-- executeBooleanQuery -->
      <group name="executeStringQuery">
        <method signature="ReaderTest.testExecuteStringQuery()[pri:0, instance:com.puck.reader.xml.ReaderTest@2805c96b]" name="testExecuteStringQuery" class="com.puck.reader.xml.ReaderTest"/>
      </group> <!-- executeStringQuery -->
      <group name="reader">
        <method signature="ReaderTest.testExecuteBooleanQuery()[pri:0, instance:com.puck.reader.xml.ReaderTest@2805c96b]" name="testExecuteBooleanQuery" class="com.puck.reader.xml.ReaderTest"/>
        <method signature="ReaderTest.testExecuteNodeQuery()[pri:0, instance:com.puck.reader.xml.ReaderTest@2805c96b]" name="testExecuteNodeQuery" class="com.puck.reader.xml.ReaderTest"/>
        <method signature="ReaderTest.testExecuteStringQuery()[pri:0, instance:com.puck.reader.xml.ReaderTest@2805c96b]" name="testExecuteStringQuery" class="com.puck.reader.xml.ReaderTest"/>
      </group> <!-- reader -->
      <group name="simple">
        <method signature="ReaderTest.testExecuteBooleanQuery()[pri:0, instance:com.puck.reader.xml.ReaderTest@2805c96b]" name="testExecuteBooleanQuery" class="com.puck.reader.xml.ReaderTest"/>
        <method signature="ReaderTest.testExecuteNodeQuery()[pri:0, instance:com.puck.reader.xml.ReaderTest@2805c96b]" name="testExecuteNodeQuery" class="com.puck.reader.xml.ReaderTest"/>
        <method signature="ReaderTest.testExecuteStringQuery()[pri:0, instance:com.puck.reader.xml.ReaderTest@2805c96b]" name="testExecuteStringQuery" class="com.puck.reader.xml.ReaderTest"/>
      </group> <!-- simple -->
      <group name="executeNodeQuery">
        <method signature="ReaderTest.testExecuteNodeQuery()[pri:0, instance:com.puck.reader.xml.ReaderTest@2805c96b]" name="testExecuteNodeQuery" class="com.puck.reader.xml.ReaderTest"/>
      </group> <!-- executeNodeQuery -->
    </groups>
    <test started-at="2018-05-13T02:27:06Z" name="Ant test" finished-at="2018-05-13T02:27:06Z" duration-ms="360">
      <class name="com.puck.reader.xml.ReaderTest">
        <test-method is-config="true" signature="setUp(java.lang.reflect.Method)[pri:0, instance:com.puck.reader.xml.ReaderTest@2805c96b]" started-at="2018-05-13T02:27:06Z" name="setUp" finished-at="2018-05-13T02:27:06Z" duration-ms="145" status="PASS">
          <params>
            <param index="0">
              <value>
                <![CDATA[public void com.puck.reader.xml.ReaderTest.testExecuteBooleanQuery()]]>
              </value>
            </param>
          </params>
          <reporter-output>
          </reporter-output>
        </test-method> <!-- setUp -->
        <test-method signature="testExecuteBooleanQuery()[pri:0, instance:com.puck.reader.xml.ReaderTest@2805c96b]" started-at="2018-05-13T02:27:06Z" name="testExecuteBooleanQuery" description="Teste de la mÃ©thode executeBooleanQuery" finished-at="2018-05-13T02:27:06Z" duration-ms="47" status="PASS">
          <reporter-output>
          </reporter-output>
        </test-method> <!-- testExecuteBooleanQuery -->
        <test-method is-config="true" signature="tearDown(java.lang.reflect.Method)[pri:0, instance:com.puck.reader.xml.ReaderTest@2805c96b]" started-at="2018-05-13T02:27:06Z" name="tearDown" finished-at="2018-05-13T02:27:06Z" duration-ms="1" status="PASS">
          <params>
            <param index="0">
              <value>
                <![CDATA[public void com.puck.reader.xml.ReaderTest.testExecuteBooleanQuery()]]>
              </value>
            </param>
          </params>
          <reporter-output>
          </reporter-output>
        </test-method> <!-- tearDown -->
        <test-method is-config="true" signature="setUp(java.lang.reflect.Method)[pri:0, instance:com.puck.reader.xml.ReaderTest@2805c96b]" started-at="2018-05-13T02:27:06Z" name="setUp" finished-at="2018-05-13T02:27:06Z" duration-ms="19" status="PASS">
          <params>
            <param index="0">
              <value>
                <![CDATA[public void com.puck.reader.xml.ReaderTest.testExecuteNodeQuery()]]>
              </value>
            </param>
          </params>
          <reporter-output>
          </reporter-output>
        </test-method> <!-- setUp -->
        <test-method signature="testExecuteNodeQuery()[pri:0, instance:com.puck.reader.xml.ReaderTest@2805c96b]" started-at="2018-05-13T02:27:06Z" name="testExecuteNodeQuery" description="Teste de la mÃ©thode executeNodeQuery" finished-at="2018-05-13T02:27:06Z" duration-ms="5" status="PASS">
          <reporter-output>
          </reporter-output>
        </test-method> <!-- testExecuteNodeQuery -->
        <test-method is-config="true" signature="setUp(java.lang.reflect.Method)[pri:0, instance:com.puck.reader.xml.ReaderTest@2805c96b]" started-at="2018-05-13T02:27:06Z" name="setUp" finished-at="2018-05-13T02:27:06Z" duration-ms="5" status="PASS">
          <params>
            <param index="0">
              <value>
                <![CDATA[public void com.puck.reader.xml.ReaderTest.testExecuteNodeSetQuery()]]>
              </value>
            </param>
          </params>
          <reporter-output>
          </reporter-output>
        </test-method> <!-- setUp -->
        <test-method is-config="true" signature="tearDown(java.lang.reflect.Method)[pri:0, instance:com.puck.reader.xml.ReaderTest@2805c96b]" started-at="2018-05-13T02:27:06Z" name="tearDown" finished-at="2018-05-13T02:27:06Z" duration-ms="0" status="PASS">
          <params>
            <param index="0">
              <value>
                <![CDATA[public void com.puck.reader.xml.ReaderTest.testExecuteNodeQuery()]]>
              </value>
            </param>
          </params>
          <reporter-output>
          </reporter-output>
        </test-method> <!-- tearDown -->
        <test-method signature="testExecuteNodeSetQuery()[pri:0, instance:com.puck.reader.xml.ReaderTest@2805c96b]" started-at="2018-05-13T02:27:06Z" name="testExecuteNodeSetQuery" finished-at="2018-05-13T02:27:06Z" duration-ms="0" status="PASS">
          <reporter-output>
          </reporter-output>
        </test-method> <!-- testExecuteNodeSetQuery -->
        <test-method is-config="true" signature="tearDown(java.lang.reflect.Method)[pri:0, instance:com.puck.reader.xml.ReaderTest@2805c96b]" started-at="2018-05-13T02:27:06Z" name="tearDown" finished-at="2018-05-13T02:27:06Z" duration-ms="0" status="PASS">
          <params>
            <param index="0">
              <value>
                <![CDATA[public void com.puck.reader.xml.ReaderTest.testExecuteNodeSetQuery()]]>
              </value>
            </param>
          </params>
          <reporter-output>
          </reporter-output>
        </test-method> <!-- tearDown -->
        <test-method is-config="true" signature="setUp(java.lang.reflect.Method)[pri:0, instance:com.puck.reader.xml.ReaderTest@2805c96b]" started-at="2018-05-13T02:27:06Z" name="setUp" finished-at="2018-05-13T02:27:06Z" duration-ms="5" status="PASS">
          <params>
            <param index="0">
              <value>
                <![CDATA[public void com.puck.reader.xml.ReaderTest.testExecuteStringQuery()]]>
              </value>
            </param>
          </params>
          <reporter-output>
          </reporter-output>
        </test-method> <!-- setUp -->
        <test-method signature="testExecuteStringQuery()[pri:0, instance:com.puck.reader.xml.ReaderTest@2805c96b]" started-at="2018-05-13T02:27:06Z" name="testExecuteStringQuery" description="Teste de la mÃ©thode executeStringQuery" finished-at="2018-05-13T02:27:06Z" duration-ms="3" status="PASS">
          <reporter-output>
          </reporter-output>
        </test-method> <!-- testExecuteStringQuery -->
        <test-method is-config="true" signature="tearDown(java.lang.reflect.Method)[pri:0, instance:com.puck.reader.xml.ReaderTest@2805c96b]" started-at="2018-05-13T02:27:06Z" name="tearDown" finished-at="2018-05-13T02:27:06Z" duration-ms="0" status="PASS">
          <params>
            <param index="0">
              <value>
                <![CDATA[public void com.puck.reader.xml.ReaderTest.testExecuteStringQuery()]]>
              </value>
            </param>
          </params>
          <reporter-output>
          </reporter-output>
        </test-method> <!-- tearDown -->
        <test-method is-config="true" signature="setUp(java.lang.reflect.Method)[pri:0, instance:com.puck.reader.xml.ReaderTest@2805c96b]" started-at="2018-05-13T02:27:06Z" name="setUp" finished-at="2018-05-13T02:27:06Z" duration-ms="4" status="PASS">
          <params>
            <param index="0">
              <value>
                <![CDATA[public void com.puck.reader.xml.ReaderTest.testGenerateEdgePathFromIndex()]]>
              </value>
            </param>
          </params>
          <reporter-output>
          </reporter-output>
        </test-method> <!-- setUp -->
        <test-method signature="testGenerateEdgePathFromIndex()[pri:0, instance:com.puck.reader.xml.ReaderTest@2805c96b]" started-at="2018-05-13T02:27:06Z" name="testGenerateEdgePathFromIndex" finished-at="2018-05-13T02:27:06Z" duration-ms="0" status="PASS">
          <reporter-output>
          </reporter-output>
        </test-method> <!-- testGenerateEdgePathFromIndex -->
        <test-method is-config="true" signature="tearDown(java.lang.reflect.Method)[pri:0, instance:com.puck.reader.xml.ReaderTest@2805c96b]" started-at="2018-05-13T02:27:06Z" name="tearDown" finished-at="2018-05-13T02:27:06Z" duration-ms="0" status="PASS">
          <params>
            <param index="0">
              <value>
                <![CDATA[public void com.puck.reader.xml.ReaderTest.testGenerateEdgePathFromIndex()]]>
              </value>
            </param>
          </params>
          <reporter-output>
          </reporter-output>
        </test-method> <!-- tearDown -->
        <test-method is-config="true" signature="setUp(java.lang.reflect.Method)[pri:0, instance:com.puck.reader.xml.ReaderTest@2805c96b]" started-at="2018-05-13T02:27:06Z" name="setUp" finished-at="2018-05-13T02:27:06Z" duration-ms="4" status="PASS">
          <params>
            <param index="0">
              <value>
                <![CDATA[public void com.puck.reader.xml.ReaderTest.testGenerateNodePathWithIndex()]]>
              </value>
            </param>
          </params>
          <reporter-output>
          </reporter-output>
        </test-method> <!-- setUp -->
        <test-method signature="testGenerateNodePathWithIndex()[pri:0, instance:com.puck.reader.xml.ReaderTest@2805c96b]" started-at="2018-05-13T02:27:06Z" name="testGenerateNodePathWithIndex" finished-at="2018-05-13T02:27:06Z" duration-ms="1" status="PASS">
          <reporter-output>
          </reporter-output>
        </test-method> <!-- testGenerateNodePathWithIndex -->
        <test-method is-config="true" signature="tearDown(java.lang.reflect.Method)[pri:0, instance:com.puck.reader.xml.ReaderTest@2805c96b]" started-at="2018-05-13T02:27:06Z" name="tearDown" finished-at="2018-05-13T02:27:06Z" duration-ms="0" status="PASS">
          <params>
            <param index="0">
              <value>
                <![CDATA[public void com.puck.reader.xml.ReaderTest.testGenerateNodePathWithIndex()]]>
              </value>
            </param>
          </params>
          <reporter-output>
          </reporter-output>
        </test-method> <!-- tearDown -->
        <test-method is-config="true" signature="setUp(java.lang.reflect.Method)[pri:0, instance:com.puck.reader.xml.ReaderTest@2805c96b]" started-at="2018-05-13T02:27:06Z" name="setUp" finished-at="2018-05-13T02:27:06Z" duration-ms="4" status="PASS">
          <params>
            <param index="0">
              <value>
                <![CDATA[public void com.puck.reader.xml.ReaderTest.testGetAllEdges()]]>
              </value>
            </param>
          </params>
          <reporter-output>
          </reporter-output>
        </test-method> <!-- setUp -->
        <test-method signature="testGetAllEdges()[pri:0, instance:com.puck.reader.xml.ReaderTest@2805c96b]" started-at="2018-05-13T02:27:06Z" name="testGetAllEdges" finished-at="2018-05-13T02:27:06Z" duration-ms="1" status="PASS">
          <reporter-output>
          </reporter-output>
        </test-method> <!-- testGetAllEdges -->
        <test-method is-config="true" signature="tearDown(java.lang.reflect.Method)[pri:0, instance:com.puck.reader.xml.ReaderTest@2805c96b]" started-at="2018-05-13T02:27:06Z" name="tearDown" finished-at="2018-05-13T02:27:06Z" duration-ms="1" status="PASS">
          <params>
            <param index="0">
              <value>
                <![CDATA[public void com.puck.reader.xml.ReaderTest.testGetAllEdges()]]>
              </value>
            </param>
          </params>
          <reporter-output>
          </reporter-output>
        </test-method> <!-- tearDown -->
        <test-method is-config="true" signature="setUp(java.lang.reflect.Method)[pri:0, instance:com.puck.reader.xml.ReaderTest@2805c96b]" started-at="2018-05-13T02:27:06Z" name="setUp" finished-at="2018-05-13T02:27:06Z" duration-ms="4" status="PASS">
          <params>
            <param index="0">
              <value>
                <![CDATA[public void com.puck.reader.xml.ReaderTest.testGetAllNodes()]]>
              </value>
            </param>
          </params>
          <reporter-output>
          </reporter-output>
        </test-method> <!-- setUp -->
        <test-method signature="testGetAllNodes()[pri:0, instance:com.puck.reader.xml.ReaderTest@2805c96b]" started-at="2018-05-13T02:27:06Z" name="testGetAllNodes" finished-at="2018-05-13T02:27:06Z" duration-ms="0" status="PASS">
          <reporter-output>
          </reporter-output>
        </test-method> <!-- testGetAllNodes -->
        <test-method is-config="true" signature="tearDown(java.lang.reflect.Method)[pri:0, instance:com.puck.reader.xml.ReaderTest@2805c96b]" started-at="2018-05-13T02:27:06Z" name="tearDown" finished-at="2018-05-13T02:27:06Z" duration-ms="0" status="PASS">
          <params>
            <param index="0">
              <value>
                <![CDATA[public void com.puck.reader.xml.ReaderTest.testGetAllNodes()]]>
              </value>
            </param>
          </params>
          <reporter-output>
          </reporter-output>
        </test-method> <!-- tearDown -->
        <test-method is-config="true" signature="setUp(java.lang.reflect.Method)[pri:0, instance:com.puck.reader.xml.ReaderTest@2805c96b]" started-at="2018-05-13T02:27:06Z" name="setUp" finished-at="2018-05-13T02:27:06Z" duration-ms="13" status="PASS">
          <params>
            <param index="0">
              <value>
                <![CDATA[public void com.puck.reader.xml.ReaderTest.testGetEdge()]]>
              </value>
            </param>
          </params>
          <reporter-output>
          </reporter-output>
        </test-method> <!-- setUp -->
        <test-method is-config="true" signature="tearDown(java.lang.reflect.Method)[pri:0, instance:com.puck.reader.xml.ReaderTest@2805c96b]" started-at="2018-05-13T02:27:06Z" name="tearDown" finished-at="2018-05-13T02:27:06Z" duration-ms="0" status="PASS">
          <params>
            <param index="0">
              <value>
                <![CDATA[public void com.puck.reader.xml.ReaderTest.testGetEdge()]]>
              </value>
            </param>
          </params>
          <reporter-output>
          </reporter-output>
        </test-method> <!-- tearDown -->
        <test-method signature="testGetEdge()[pri:0, instance:com.puck.reader.xml.ReaderTest@2805c96b]" started-at="2018-05-13T02:27:06Z" name="testGetEdge" finished-at="2018-05-13T02:27:06Z" duration-ms="0" status="PASS">
          <reporter-output>
          </reporter-output>
        </test-method> <!-- testGetEdge -->
        <test-method is-config="true" signature="setUp(java.lang.reflect.Method)[pri:0, instance:com.puck.reader.xml.ReaderTest@2805c96b]" started-at="2018-05-13T02:27:06Z" name="setUp" finished-at="2018-05-13T02:27:06Z" duration-ms="3" status="PASS">
          <params>
            <param index="0">
              <value>
                <![CDATA[public void com.puck.reader.xml.ReaderTest.testGetEdgeDestination()]]>
              </value>
            </param>
          </params>
          <reporter-output>
          </reporter-output>
        </test-method> <!-- setUp -->
        <test-method signature="testGetEdgeDestination()[pri:0, instance:com.puck.reader.xml.ReaderTest@2805c96b]" started-at="2018-05-13T02:27:06Z" name="testGetEdgeDestination" finished-at="2018-05-13T02:27:06Z" duration-ms="1" status="PASS">
          <reporter-output>
          </reporter-output>
        </test-method> <!-- testGetEdgeDestination -->
        <test-method is-config="true" signature="tearDown(java.lang.reflect.Method)[pri:0, instance:com.puck.reader.xml.ReaderTest@2805c96b]" started-at="2018-05-13T02:27:06Z" name="tearDown" finished-at="2018-05-13T02:27:06Z" duration-ms="0" status="PASS">
          <params>
            <param index="0">
              <value>
                <![CDATA[public void com.puck.reader.xml.ReaderTest.testGetEdgeDestination()]]>
              </value>
            </param>
          </params>
          <reporter-output>
          </reporter-output>
        </test-method> <!-- tearDown -->
        <test-method is-config="true" signature="setUp(java.lang.reflect.Method)[pri:0, instance:com.puck.reader.xml.ReaderTest@2805c96b]" started-at="2018-05-13T02:27:06Z" name="setUp" finished-at="2018-05-13T02:27:06Z" duration-ms="17" status="PASS">
          <params>
            <param index="0">
              <value>
                <![CDATA[public void com.puck.reader.xml.ReaderTest.testGetEdgeFrom()]]>
              </value>
            </param>
          </params>
          <reporter-output>
          </reporter-output>
        </test-method> <!-- setUp -->
        <test-method is-config="true" signature="tearDown(java.lang.reflect.Method)[pri:0, instance:com.puck.reader.xml.ReaderTest@2805c96b]" started-at="2018-05-13T02:27:06Z" name="tearDown" finished-at="2018-05-13T02:27:06Z" duration-ms="0" status="PASS">
          <params>
            <param index="0">
              <value>
                <![CDATA[public void com.puck.reader.xml.ReaderTest.testGetEdgeFrom()]]>
              </value>
            </param>
          </params>
          <reporter-output>
          </reporter-output>
        </test-method> <!-- tearDown -->
        <test-method signature="testGetEdgeFrom()[pri:0, instance:com.puck.reader.xml.ReaderTest@2805c96b]" started-at="2018-05-13T02:27:06Z" name="testGetEdgeFrom" finished-at="2018-05-13T02:27:06Z" duration-ms="0" status="PASS">
          <reporter-output>
          </reporter-output>
        </test-method> <!-- testGetEdgeFrom -->
        <test-method is-config="true" signature="setUp(java.lang.reflect.Method)[pri:0, instance:com.puck.reader.xml.ReaderTest@2805c96b]" started-at="2018-05-13T02:27:06Z" name="setUp" finished-at="2018-05-13T02:27:06Z" duration-ms="4" status="PASS">
          <params>
            <param index="0">
              <value>
                <![CDATA[public void com.puck.reader.xml.ReaderTest.testGetEdgeId()]]>
              </value>
            </param>
          </params>
          <reporter-output>
          </reporter-output>
        </test-method> <!-- setUp -->
        <test-method is-config="true" signature="tearDown(java.lang.reflect.Method)[pri:0, instance:com.puck.reader.xml.ReaderTest@2805c96b]" started-at="2018-05-13T02:27:06Z" name="tearDown" finished-at="2018-05-13T02:27:06Z" duration-ms="0" status="PASS">
          <params>
            <param index="0">
              <value>
                <![CDATA[public void com.puck.reader.xml.ReaderTest.testGetEdgeId()]]>
              </value>
            </param>
          </params>
          <reporter-output>
          </reporter-output>
        </test-method> <!-- tearDown -->
        <test-method signature="testGetEdgeId()[pri:0, instance:com.puck.reader.xml.ReaderTest@2805c96b]" started-at="2018-05-13T02:27:06Z" name="testGetEdgeId" finished-at="2018-05-13T02:27:06Z" duration-ms="0" status="PASS">
          <reporter-output>
          </reporter-output>
        </test-method> <!-- testGetEdgeId -->
        <test-method is-config="true" signature="setUp(java.lang.reflect.Method)[pri:0, instance:com.puck.reader.xml.ReaderTest@2805c96b]" started-at="2018-05-13T02:27:06Z" name="setUp" finished-at="2018-05-13T02:27:06Z" duration-ms="8" status="PASS">
          <params>
            <param index="0">
              <value>
                <![CDATA[public void com.puck.reader.xml.ReaderTest.testGetEdgeSource()]]>
              </value>
            </param>
          </params>
          <reporter-output>
          </reporter-output>
        </test-method> <!-- setUp -->
        <test-method signature="testGetEdgeSource()[pri:0, instance:com.puck.reader.xml.ReaderTest@2805c96b]" started-at="2018-05-13T02:27:06Z" name="testGetEdgeSource" finished-at="2018-05-13T02:27:06Z" duration-ms="0" status="PASS">
          <reporter-output>
          </reporter-output>
        </test-method> <!-- testGetEdgeSource -->
        <test-method is-config="true" signature="tearDown(java.lang.reflect.Method)[pri:0, instance:com.puck.reader.xml.ReaderTest@2805c96b]" started-at="2018-05-13T02:27:06Z" name="tearDown" finished-at="2018-05-13T02:27:06Z" duration-ms="0" status="PASS">
          <params>
            <param index="0">
              <value>
                <![CDATA[public void com.puck.reader.xml.ReaderTest.testGetEdgeSource()]]>
              </value>
            </param>
          </params>
          <reporter-output>
          </reporter-output>
        </test-method> <!-- tearDown -->
        <test-method is-config="true" signature="setUp(java.lang.reflect.Method)[pri:0, instance:com.puck.reader.xml.ReaderTest@2805c96b]" started-at="2018-05-13T02:27:06Z" name="setUp" finished-at="2018-05-13T02:27:06Z" duration-ms="5" status="PASS">
          <params>
            <param index="0">
              <value>
                <![CDATA[public void com.puck.reader.xml.ReaderTest.testGetEdgeType()]]>
              </value>
            </param>
          </params>
          <reporter-output>
          </reporter-output>
        </test-method> <!-- setUp -->
        <test-method signature="testGetEdgeType()[pri:0, instance:com.puck.reader.xml.ReaderTest@2805c96b]" started-at="2018-05-13T02:27:06Z" name="testGetEdgeType" finished-at="2018-05-13T02:27:06Z" duration-ms="0" status="PASS">
          <reporter-output>
          </reporter-output>
        </test-method> <!-- testGetEdgeType -->
        <test-method is-config="true" signature="tearDown(java.lang.reflect.Method)[pri:0, instance:com.puck.reader.xml.ReaderTest@2805c96b]" started-at="2018-05-13T02:27:06Z" name="tearDown" finished-at="2018-05-13T02:27:06Z" duration-ms="0" status="PASS">
          <params>
            <param index="0">
              <value>
                <![CDATA[public void com.puck.reader.xml.ReaderTest.testGetEdgeType()]]>
              </value>
            </param>
          </params>
          <reporter-output>
          </reporter-output>
        </test-method> <!-- tearDown -->
        <test-method is-config="true" signature="setUp(java.lang.reflect.Method)[pri:0, instance:com.puck.reader.xml.ReaderTest@2805c96b]" started-at="2018-05-13T02:27:06Z" name="setUp" finished-at="2018-05-13T02:27:06Z" duration-ms="3" status="PASS">
          <params>
            <param index="0">
              <value>
                <![CDATA[public void com.puck.reader.xml.ReaderTest.testGetNbEdges()]]>
              </value>
            </param>
          </params>
          <reporter-output>
          </reporter-output>
        </test-method> <!-- setUp -->
        <test-method signature="testGetNbEdges()[pri:0, instance:com.puck.reader.xml.ReaderTest@2805c96b]" started-at="2018-05-13T02:27:06Z" name="testGetNbEdges" finished-at="2018-05-13T02:27:06Z" duration-ms="1" status="PASS">
          <reporter-output>
          </reporter-output>
        </test-method> <!-- testGetNbEdges -->
        <test-method is-config="true" signature="tearDown(java.lang.reflect.Method)[pri:0, instance:com.puck.reader.xml.ReaderTest@2805c96b]" started-at="2018-05-13T02:27:06Z" name="tearDown" finished-at="2018-05-13T02:27:06Z" duration-ms="0" status="PASS">
          <params>
            <param index="0">
              <value>
                <![CDATA[public void com.puck.reader.xml.ReaderTest.testGetNbEdges()]]>
              </value>
            </param>
          </params>
          <reporter-output>
          </reporter-output>
        </test-method> <!-- tearDown -->
        <test-method is-config="true" signature="setUp(java.lang.reflect.Method)[pri:0, instance:com.puck.reader.xml.ReaderTest@2805c96b]" started-at="2018-05-13T02:27:06Z" name="setUp" finished-at="2018-05-13T02:27:06Z" duration-ms="4" status="PASS">
          <params>
            <param index="0">
              <value>
                <![CDATA[public void com.puck.reader.xml.ReaderTest.testGetNbNodes()]]>
              </value>
            </param>
          </params>
          <reporter-output>
          </reporter-output>
        </test-method> <!-- setUp -->
        <test-method signature="testGetNbNodes()[pri:0, instance:com.puck.reader.xml.ReaderTest@2805c96b]" started-at="2018-05-13T02:27:06Z" name="testGetNbNodes" finished-at="2018-05-13T02:27:06Z" duration-ms="0" status="PASS">
          <reporter-output>
          </reporter-output>
        </test-method> <!-- testGetNbNodes -->
        <test-method is-config="true" signature="tearDown(java.lang.reflect.Method)[pri:0, instance:com.puck.reader.xml.ReaderTest@2805c96b]" started-at="2018-05-13T02:27:06Z" name="tearDown" finished-at="2018-05-13T02:27:06Z" duration-ms="1" status="PASS">
          <params>
            <param index="0">
              <value>
                <![CDATA[public void com.puck.reader.xml.ReaderTest.testGetNbNodes()]]>
              </value>
            </param>
          </params>
          <reporter-output>
          </reporter-output>
        </test-method> <!-- tearDown -->
        <test-method is-config="true" signature="setUp(java.lang.reflect.Method)[pri:0, instance:com.puck.reader.xml.ReaderTest@2805c96b]" started-at="2018-05-13T02:27:06Z" name="setUp" finished-at="2018-05-13T02:27:06Z" duration-ms="3" status="PASS">
          <params>
            <param index="0">
              <value>
                <![CDATA[public void com.puck.reader.xml.ReaderTest.testGetNode()]]>
              </value>
            </param>
          </params>
          <reporter-output>
          </reporter-output>
        </test-method> <!-- setUp -->
        <test-method is-config="true" signature="tearDown(java.lang.reflect.Method)[pri:0, instance:com.puck.reader.xml.ReaderTest@2805c96b]" started-at="2018-05-13T02:27:06Z" name="tearDown" finished-at="2018-05-13T02:27:06Z" duration-ms="1" status="PASS">
          <params>
            <param index="0">
              <value>
                <![CDATA[public void com.puck.reader.xml.ReaderTest.testGetNode()]]>
              </value>
            </param>
          </params>
          <reporter-output>
          </reporter-output>
        </test-method> <!-- tearDown -->
        <test-method signature="testGetNode()[pri:0, instance:com.puck.reader.xml.ReaderTest@2805c96b]" started-at="2018-05-13T02:27:06Z" name="testGetNode" finished-at="2018-05-13T02:27:06Z" duration-ms="0" status="PASS">
          <reporter-output>
          </reporter-output>
        </test-method> <!-- testGetNode -->
        <test-method is-config="true" signature="setUp(java.lang.reflect.Method)[pri:0, instance:com.puck.reader.xml.ReaderTest@2805c96b]" started-at="2018-05-13T02:27:06Z" name="setUp" finished-at="2018-05-13T02:27:06Z" duration-ms="4" status="PASS">
          <params>
            <param index="0">
              <value>
                <![CDATA[public void com.puck.reader.xml.ReaderTest.testGetNodeId()]]>
              </value>
            </param>
          </params>
          <reporter-output>
          </reporter-output>
        </test-method> <!-- setUp -->
        <test-method signature="testGetNodeId()[pri:0, instance:com.puck.reader.xml.ReaderTest@2805c96b]" started-at="2018-05-13T02:27:06Z" name="testGetNodeId" finished-at="2018-05-13T02:27:06Z" duration-ms="0" status="PASS">
          <reporter-output>
          </reporter-output>
        </test-method> <!-- testGetNodeId -->
        <test-method is-config="true" signature="tearDown(java.lang.reflect.Method)[pri:0, instance:com.puck.reader.xml.ReaderTest@2805c96b]" started-at="2018-05-13T02:27:06Z" name="tearDown" finished-at="2018-05-13T02:27:06Z" duration-ms="1" status="PASS">
          <params>
            <param index="0">
              <value>
                <![CDATA[public void com.puck.reader.xml.ReaderTest.testGetNodeId()]]>
              </value>
            </param>
          </params>
          <reporter-output>
          </reporter-output>
        </test-method> <!-- tearDown -->
        <test-method is-config="true" signature="setUp(java.lang.reflect.Method)[pri:0, instance:com.puck.reader.xml.ReaderTest@2805c96b]" started-at="2018-05-13T02:27:06Z" name="setUp" finished-at="2018-05-13T02:27:06Z" duration-ms="3" status="PASS">
          <params>
            <param index="0">
              <value>
                <![CDATA[public void com.puck.reader.xml.ReaderTest.testGetNodeName()]]>
              </value>
            </param>
          </params>
          <reporter-output>
          </reporter-output>
        </test-method> <!-- setUp -->
        <test-method is-config="true" signature="tearDown(java.lang.reflect.Method)[pri:0, instance:com.puck.reader.xml.ReaderTest@2805c96b]" started-at="2018-05-13T02:27:06Z" name="tearDown" finished-at="2018-05-13T02:27:06Z" duration-ms="0" status="PASS">
          <params>
            <param index="0">
              <value>
                <![CDATA[public void com.puck.reader.xml.ReaderTest.testGetNodeName()]]>
              </value>
            </param>
          </params>
          <reporter-output>
          </reporter-output>
        </test-method> <!-- tearDown -->
        <test-method signature="testGetNodeName()[pri:0, instance:com.puck.reader.xml.ReaderTest@2805c96b]" started-at="2018-05-13T02:27:06Z" name="testGetNodeName" finished-at="2018-05-13T02:27:06Z" duration-ms="0" status="PASS">
          <reporter-output>
          </reporter-output>
        </test-method> <!-- testGetNodeName -->
        <test-method is-config="true" signature="setUp(java.lang.reflect.Method)[pri:0, instance:com.puck.reader.xml.ReaderTest@2805c96b]" started-at="2018-05-13T02:27:06Z" name="setUp" finished-at="2018-05-13T02:27:06Z" duration-ms="2" status="PASS">
          <params>
            <param index="0">
              <value>
                <![CDATA[public void com.puck.reader.xml.ReaderTest.testGetNodeType()]]>
              </value>
            </param>
          </params>
          <reporter-output>
          </reporter-output>
        </test-method> <!-- setUp -->
        <test-method signature="testGetNodeType()[pri:0, instance:com.puck.reader.xml.ReaderTest@2805c96b]" started-at="2018-05-13T02:27:06Z" name="testGetNodeType" finished-at="2018-05-13T02:27:06Z" duration-ms="0" status="PASS">
          <reporter-output>
          </reporter-output>
        </test-method> <!-- testGetNodeType -->
        <test-method is-config="true" signature="tearDown(java.lang.reflect.Method)[pri:0, instance:com.puck.reader.xml.ReaderTest@2805c96b]" started-at="2018-05-13T02:27:06Z" name="tearDown" finished-at="2018-05-13T02:27:06Z" duration-ms="0" status="PASS">
          <params>
            <param index="0">
              <value>
                <![CDATA[public void com.puck.reader.xml.ReaderTest.testGetNodeType()]]>
              </value>
            </param>
          </params>
          <reporter-output>
          </reporter-output>
        </test-method> <!-- tearDown -->
      </class> <!-- com.puck.reader.xml.ReaderTest -->
    </test> <!-- Ant test -->
  </suite> <!-- Ant suite -->
</testng-results>
