<?xml version="1.0" encoding="UTF-8"?>
<testng-results ignored="0" total="20" passed="20" failed="0" skipped="0">
  <reporter-output>
  </reporter-output>
  <suite started-at="2018-05-13T13:21:56Z" name="Ant suite" finished-at="2018-05-13T13:21:57Z" duration-ms="354">
    <groups>
      <group name="executeNodeSetQuury">
        <method signature="ReaderTest.testExecuteNodeSetQuery()[pri:0, instance:com.puck.reader.xml.ReaderTest@2805c96b]" name="testExecuteNodeSetQuery" class="com.puck.reader.xml.ReaderTest"/>
      </group> <!-- executeNodeSetQuury -->
      <group name="executeStringQuery">
        <method signature="ReaderTest.testExecuteStringQuery()[pri:0, instance:com.puck.reader.xml.ReaderTest@2805c96b]" name="testExecuteStringQuery" class="com.puck.reader.xml.ReaderTest"/>
      </group> <!-- executeStringQuery -->
      <group name="getNodeId">
        <method signature="ReaderTest.testGetNodeId()[pri:0, instance:com.puck.reader.xml.ReaderTest@2805c96b]" name="testGetNodeId" class="com.puck.reader.xml.ReaderTest"/>
      </group> <!-- getNodeId -->
      <group name="reader">
        <method signature="ReaderTest.testExecuteBooleanQuery()[pri:0, instance:com.puck.reader.xml.ReaderTest@2805c96b]" name="testExecuteBooleanQuery" class="com.puck.reader.xml.ReaderTest"/>
        <method signature="ReaderTest.testExecuteNodeQuery()[pri:0, instance:com.puck.reader.xml.ReaderTest@2805c96b]" name="testExecuteNodeQuery" class="com.puck.reader.xml.ReaderTest"/>
        <method signature="ReaderTest.testExecuteNodeSetQuery()[pri:0, instance:com.puck.reader.xml.ReaderTest@2805c96b]" name="testExecuteNodeSetQuery" class="com.puck.reader.xml.ReaderTest"/>
        <method signature="ReaderTest.testExecuteStringQuery()[pri:0, instance:com.puck.reader.xml.ReaderTest@2805c96b]" name="testExecuteStringQuery" class="com.puck.reader.xml.ReaderTest"/>
        <method signature="ReaderTest.testGenerateNodePathWithIndex()[pri:0, instance:com.puck.reader.xml.ReaderTest@2805c96b]" name="testGenerateNodePathWithIndex" class="com.puck.reader.xml.ReaderTest"/>
        <method signature="ReaderTest.testGetAllEdges()[pri:0, instance:com.puck.reader.xml.ReaderTest@2805c96b]" name="testGetAllEdges" class="com.puck.reader.xml.ReaderTest"/>
        <method signature="ReaderTest.testGetAllNodes()[pri:0, instance:com.puck.reader.xml.ReaderTest@2805c96b]" name="testGetAllNodes" class="com.puck.reader.xml.ReaderTest"/>
        <method signature="ReaderTest.testGetNbEdges()[pri:0, instance:com.puck.reader.xml.ReaderTest@2805c96b]" name="testGetNbEdges" class="com.puck.reader.xml.ReaderTest"/>
        <method signature="ReaderTest.testGetNbNodes()[pri:0, instance:com.puck.reader.xml.ReaderTest@2805c96b]" name="testGetNbNodes" class="com.puck.reader.xml.ReaderTest"/>
        <method signature="ReaderTest.testGetNode()[pri:0, instance:com.puck.reader.xml.ReaderTest@2805c96b]" name="testGetNode" class="com.puck.reader.xml.ReaderTest"/>
        <method signature="ReaderTest.testGetNodeId()[pri:0, instance:com.puck.reader.xml.ReaderTest@2805c96b]" name="testGetNodeId" class="com.puck.reader.xml.ReaderTest"/>
        <method signature="ReaderTest.testGetNodeName()[pri:0, instance:com.puck.reader.xml.ReaderTest@2805c96b]" name="testGetNodeName" class="com.puck.reader.xml.ReaderTest"/>
        <method signature="ReaderTest.testGetNodeType()[pri:0, instance:com.puck.reader.xml.ReaderTest@2805c96b]" name="testGetNodeType" class="com.puck.reader.xml.ReaderTest"/>
      </group> <!-- reader -->
      <group name="simple">
        <method signature="ReaderTest.testExecuteBooleanQuery()[pri:0, instance:com.puck.reader.xml.ReaderTest@2805c96b]" name="testExecuteBooleanQuery" class="com.puck.reader.xml.ReaderTest"/>
        <method signature="ReaderTest.testExecuteNodeQuery()[pri:0, instance:com.puck.reader.xml.ReaderTest@2805c96b]" name="testExecuteNodeQuery" class="com.puck.reader.xml.ReaderTest"/>
        <method signature="ReaderTest.testExecuteNodeSetQuery()[pri:0, instance:com.puck.reader.xml.ReaderTest@2805c96b]" name="testExecuteNodeSetQuery" class="com.puck.reader.xml.ReaderTest"/>
        <method signature="ReaderTest.testExecuteStringQuery()[pri:0, instance:com.puck.reader.xml.ReaderTest@2805c96b]" name="testExecuteStringQuery" class="com.puck.reader.xml.ReaderTest"/>
        <method signature="ReaderTest.testGenerateNodePathWithIndex()[pri:0, instance:com.puck.reader.xml.ReaderTest@2805c96b]" name="testGenerateNodePathWithIndex" class="com.puck.reader.xml.ReaderTest"/>
        <method signature="ReaderTest.testGetAllEdges()[pri:0, instance:com.puck.reader.xml.ReaderTest@2805c96b]" name="testGetAllEdges" class="com.puck.reader.xml.ReaderTest"/>
        <method signature="ReaderTest.testGetAllNodes()[pri:0, instance:com.puck.reader.xml.ReaderTest@2805c96b]" name="testGetAllNodes" class="com.puck.reader.xml.ReaderTest"/>
        <method signature="ReaderTest.testGetNbEdges()[pri:0, instance:com.puck.reader.xml.ReaderTest@2805c96b]" name="testGetNbEdges" class="com.puck.reader.xml.ReaderTest"/>
        <method signature="ReaderTest.testGetNbNodes()[pri:0, instance:com.puck.reader.xml.ReaderTest@2805c96b]" name="testGetNbNodes" class="com.puck.reader.xml.ReaderTest"/>
        <method signature="ReaderTest.testGetNode()[pri:0, instance:com.puck.reader.xml.ReaderTest@2805c96b]" name="testGetNode" class="com.puck.reader.xml.ReaderTest"/>
        <method signature="ReaderTest.testGetNodeId()[pri:0, instance:com.puck.reader.xml.ReaderTest@2805c96b]" name="testGetNodeId" class="com.puck.reader.xml.ReaderTest"/>
        <method signature="ReaderTest.testGetNodeName()[pri:0, instance:com.puck.reader.xml.ReaderTest@2805c96b]" name="testGetNodeName" class="com.puck.reader.xml.ReaderTest"/>
        <method signature="ReaderTest.testGetNodeType()[pri:0, instance:com.puck.reader.xml.ReaderTest@2805c96b]" name="testGetNodeType" class="com.puck.reader.xml.ReaderTest"/>
      </group> <!-- simple -->
      <group name="getNodeName">
        <method signature="ReaderTest.testGetNodeName()[pri:0, instance:com.puck.reader.xml.ReaderTest@2805c96b]" name="testGetNodeName" class="com.puck.reader.xml.ReaderTest"/>
      </group> <!-- getNodeName -->
      <group name="generateNodePathWithIndex">
        <method signature="ReaderTest.testGenerateNodePathWithIndex()[pri:0, instance:com.puck.reader.xml.ReaderTest@2805c96b]" name="testGenerateNodePathWithIndex" class="com.puck.reader.xml.ReaderTest"/>
      </group> <!-- generateNodePathWithIndex -->
      <group name="getAllNodes">
        <method signature="ReaderTest.testGetAllNodes()[pri:0, instance:com.puck.reader.xml.ReaderTest@2805c96b]" name="testGetAllNodes" class="com.puck.reader.xml.ReaderTest"/>
      </group> <!-- getAllNodes -->
      <group name="getNbNodes">
        <method signature="ReaderTest.testGetNbNodes()[pri:0, instance:com.puck.reader.xml.ReaderTest@2805c96b]" name="testGetNbNodes" class="com.puck.reader.xml.ReaderTest"/>
      </group> <!-- getNbNodes -->
      <group name="executeBooleanQuery">
        <method signature="ReaderTest.testExecuteBooleanQuery()[pri:0, instance:com.puck.reader.xml.ReaderTest@2805c96b]" name="testExecuteBooleanQuery" class="com.puck.reader.xml.ReaderTest"/>
      </group> <!-- executeBooleanQuery -->
      <group name="getAllEdges">
        <method signature="ReaderTest.testGetAllEdges()[pri:0, instance:com.puck.reader.xml.ReaderTest@2805c96b]" name="testGetAllEdges" class="com.puck.reader.xml.ReaderTest"/>
      </group> <!-- getAllEdges -->
      <group name="getNodeType">
        <method signature="ReaderTest.testGetNodeType()[pri:0, instance:com.puck.reader.xml.ReaderTest@2805c96b]" name="testGetNodeType" class="com.puck.reader.xml.ReaderTest"/>
      </group> <!-- getNodeType -->
      <group name="getNode">
        <method signature="ReaderTest.testGetNode()[pri:0, instance:com.puck.reader.xml.ReaderTest@2805c96b]" name="testGetNode" class="com.puck.reader.xml.ReaderTest"/>
      </group> <!-- getNode -->
      <group name="getNbEdges">
        <method signature="ReaderTest.testGetNbEdges()[pri:0, instance:com.puck.reader.xml.ReaderTest@2805c96b]" name="testGetNbEdges" class="com.puck.reader.xml.ReaderTest"/>
      </group> <!-- getNbEdges -->
      <group name="executeNodeQuery">
        <method signature="ReaderTest.testExecuteNodeQuery()[pri:0, instance:com.puck.reader.xml.ReaderTest@2805c96b]" name="testExecuteNodeQuery" class="com.puck.reader.xml.ReaderTest"/>
      </group> <!-- executeNodeQuery -->
    </groups>
    <test started-at="2018-05-13T13:21:56Z" name="Ant test" finished-at="2018-05-13T13:21:57Z" duration-ms="354">
      <class name="com.puck.reader.xml.ReaderTest">
        <test-method is-config="true" signature="setUp(java.lang.reflect.Method)[pri:0, instance:com.puck.reader.xml.ReaderTest@2805c96b]" started-at="2018-05-13T13:21:56Z" name="setUp" finished-at="2018-05-13T13:21:56Z" duration-ms="123" status="PASS">
          <params>
            <param index="0">
              <value>
                <![CDATA[public void com.puck.reader.xml.ReaderTest.testExecuteBooleanQuery()]]>
              </value>
            </param>
          </params>
          <reporter-output>
          </reporter-output>
        </test-method> <!-- setUp -->
        <test-method signature="testExecuteBooleanQuery()[pri:0, instance:com.puck.reader.xml.ReaderTest@2805c96b]" started-at="2018-05-13T13:21:56Z" name="testExecuteBooleanQuery" description="Teste de la methode executeBooleanQuery" finished-at="2018-05-13T13:21:56Z" duration-ms="30" status="PASS">
          <reporter-output>
          </reporter-output>
        </test-method> <!-- testExecuteBooleanQuery -->
        <test-method is-config="true" signature="tearDown(java.lang.reflect.Method)[pri:0, instance:com.puck.reader.xml.ReaderTest@2805c96b]" started-at="2018-05-13T13:21:56Z" name="tearDown" finished-at="2018-05-13T13:21:56Z" duration-ms="0" status="PASS">
          <params>
            <param index="0">
              <value>
                <![CDATA[public void com.puck.reader.xml.ReaderTest.testExecuteBooleanQuery()]]>
              </value>
            </param>
          </params>
          <reporter-output>
          </reporter-output>
        </test-method> <!-- tearDown -->
        <test-method is-config="true" signature="setUp(java.lang.reflect.Method)[pri:0, instance:com.puck.reader.xml.ReaderTest@2805c96b]" started-at="2018-05-13T13:21:56Z" name="setUp" finished-at="2018-05-13T13:21:56Z" duration-ms="5" status="PASS">
          <params>
            <param index="0">
              <value>
                <![CDATA[public void com.puck.reader.xml.ReaderTest.testExecuteNodeQuery()]]>
              </value>
            </param>
          </params>
          <reporter-output>
          </reporter-output>
        </test-method> <!-- setUp -->
        <test-method signature="testExecuteNodeQuery()[pri:0, instance:com.puck.reader.xml.ReaderTest@2805c96b]" started-at="2018-05-13T13:21:56Z" name="testExecuteNodeQuery" description="Teste de la methode executeNodeQuery" finished-at="2018-05-13T13:21:57Z" duration-ms="9" status="PASS">
          <reporter-output>
          </reporter-output>
        </test-method> <!-- testExecuteNodeQuery -->
        <test-method is-config="true" signature="tearDown(java.lang.reflect.Method)[pri:0, instance:com.puck.reader.xml.ReaderTest@2805c96b]" started-at="2018-05-13T13:21:57Z" name="tearDown" finished-at="2018-05-13T13:21:57Z" duration-ms="1" status="PASS">
          <params>
            <param index="0">
              <value>
                <![CDATA[public void com.puck.reader.xml.ReaderTest.testExecuteNodeQuery()]]>
              </value>
            </param>
          </params>
          <reporter-output>
          </reporter-output>
        </test-method> <!-- tearDown -->
        <test-method is-config="true" signature="setUp(java.lang.reflect.Method)[pri:0, instance:com.puck.reader.xml.ReaderTest@2805c96b]" started-at="2018-05-13T13:21:57Z" name="setUp" finished-at="2018-05-13T13:21:57Z" duration-ms="6" status="PASS">
          <params>
            <param index="0">
              <value>
                <![CDATA[public void com.puck.reader.xml.ReaderTest.testExecuteNodeSetQuery()]]>
              </value>
            </param>
          </params>
          <reporter-output>
          </reporter-output>
        </test-method> <!-- setUp -->
        <test-method signature="testExecuteNodeSetQuery()[pri:0, instance:com.puck.reader.xml.ReaderTest@2805c96b]" started-at="2018-05-13T13:21:57Z" name="testExecuteNodeSetQuery" description="Teste de la methode executeNodeSetQuery" finished-at="2018-05-13T13:21:57Z" duration-ms="5" status="PASS">
          <reporter-output>
          </reporter-output>
        </test-method> <!-- testExecuteNodeSetQuery -->
        <test-method is-config="true" signature="tearDown(java.lang.reflect.Method)[pri:0, instance:com.puck.reader.xml.ReaderTest@2805c96b]" started-at="2018-05-13T13:21:57Z" name="tearDown" finished-at="2018-05-13T13:21:57Z" duration-ms="1" status="PASS">
          <params>
            <param index="0">
              <value>
                <![CDATA[public void com.puck.reader.xml.ReaderTest.testExecuteNodeSetQuery()]]>
              </value>
            </param>
          </params>
          <reporter-output>
          </reporter-output>
        </test-method> <!-- tearDown -->
        <test-method is-config="true" signature="setUp(java.lang.reflect.Method)[pri:0, instance:com.puck.reader.xml.ReaderTest@2805c96b]" started-at="2018-05-13T13:21:57Z" name="setUp" finished-at="2018-05-13T13:21:57Z" duration-ms="4" status="PASS">
          <params>
            <param index="0">
              <value>
                <![CDATA[public void com.puck.reader.xml.ReaderTest.testExecuteStringQuery()]]>
              </value>
            </param>
          </params>
          <reporter-output>
          </reporter-output>
        </test-method> <!-- setUp -->
        <test-method signature="testExecuteStringQuery()[pri:0, instance:com.puck.reader.xml.ReaderTest@2805c96b]" started-at="2018-05-13T13:21:57Z" name="testExecuteStringQuery" description="Teste de la methode executeStringQuery" finished-at="2018-05-13T13:21:57Z" duration-ms="2" status="PASS">
          <reporter-output>
          </reporter-output>
        </test-method> <!-- testExecuteStringQuery -->
        <test-method is-config="true" signature="tearDown(java.lang.reflect.Method)[pri:0, instance:com.puck.reader.xml.ReaderTest@2805c96b]" started-at="2018-05-13T13:21:57Z" name="tearDown" finished-at="2018-05-13T13:21:57Z" duration-ms="1" status="PASS">
          <params>
            <param index="0">
              <value>
                <![CDATA[public void com.puck.reader.xml.ReaderTest.testExecuteStringQuery()]]>
              </value>
            </param>
          </params>
          <reporter-output>
          </reporter-output>
        </test-method> <!-- tearDown -->
        <test-method is-config="true" signature="setUp(java.lang.reflect.Method)[pri:0, instance:com.puck.reader.xml.ReaderTest@2805c96b]" started-at="2018-05-13T13:21:57Z" name="setUp" finished-at="2018-05-13T13:21:57Z" duration-ms="3" status="PASS">
          <params>
            <param index="0">
              <value>
                <![CDATA[public void com.puck.reader.xml.ReaderTest.testGenerateEdgePathFromIndex()]]>
              </value>
            </param>
          </params>
          <reporter-output>
          </reporter-output>
        </test-method> <!-- setUp -->
        <test-method signature="testGenerateEdgePathFromIndex()[pri:0, instance:com.puck.reader.xml.ReaderTest@2805c96b]" started-at="2018-05-13T13:21:57Z" name="testGenerateEdgePathFromIndex" finished-at="2018-05-13T13:21:57Z" duration-ms="0" status="PASS">
          <reporter-output>
          </reporter-output>
        </test-method> <!-- testGenerateEdgePathFromIndex -->
        <test-method is-config="true" signature="tearDown(java.lang.reflect.Method)[pri:0, instance:com.puck.reader.xml.ReaderTest@2805c96b]" started-at="2018-05-13T13:21:57Z" name="tearDown" finished-at="2018-05-13T13:21:57Z" duration-ms="0" status="PASS">
          <params>
            <param index="0">
              <value>
                <![CDATA[public void com.puck.reader.xml.ReaderTest.testGenerateEdgePathFromIndex()]]>
              </value>
            </param>
          </params>
          <reporter-output>
          </reporter-output>
        </test-method> <!-- tearDown -->
        <test-method is-config="true" signature="setUp(java.lang.reflect.Method)[pri:0, instance:com.puck.reader.xml.ReaderTest@2805c96b]" started-at="2018-05-13T13:21:57Z" name="setUp" finished-at="2018-05-13T13:21:57Z" duration-ms="12" status="PASS">
          <params>
            <param index="0">
              <value>
                <![CDATA[public void com.puck.reader.xml.ReaderTest.testGenerateNodePathWithIndex()]]>
              </value>
            </param>
          </params>
          <reporter-output>
          </reporter-output>
        </test-method> <!-- setUp -->
        <test-method is-config="true" signature="tearDown(java.lang.reflect.Method)[pri:0, instance:com.puck.reader.xml.ReaderTest@2805c96b]" started-at="2018-05-13T13:21:57Z" name="tearDown" finished-at="2018-05-13T13:21:57Z" duration-ms="1" status="PASS">
          <params>
            <param index="0">
              <value>
                <![CDATA[public void com.puck.reader.xml.ReaderTest.testGenerateNodePathWithIndex()]]>
              </value>
            </param>
          </params>
          <reporter-output>
          </reporter-output>
        </test-method> <!-- tearDown -->
        <test-method signature="testGenerateNodePathWithIndex()[pri:0, instance:com.puck.reader.xml.ReaderTest@2805c96b]" started-at="2018-05-13T13:21:57Z" name="testGenerateNodePathWithIndex" description="Teste de la methode generateNodePathWithIndex" finished-at="2018-05-13T13:21:57Z" duration-ms="0" status="PASS">
          <reporter-output>
          </reporter-output>
        </test-method> <!-- testGenerateNodePathWithIndex -->
        <test-method is-config="true" signature="setUp(java.lang.reflect.Method)[pri:0, instance:com.puck.reader.xml.ReaderTest@2805c96b]" started-at="2018-05-13T13:21:57Z" name="setUp" finished-at="2018-05-13T13:21:57Z" duration-ms="3" status="PASS">
          <params>
            <param index="0">
              <value>
                <![CDATA[public void com.puck.reader.xml.ReaderTest.testGetAllEdges()]]>
              </value>
            </param>
          </params>
          <reporter-output>
          </reporter-output>
        </test-method> <!-- setUp -->
        <test-method signature="testGetAllEdges()[pri:0, instance:com.puck.reader.xml.ReaderTest@2805c96b]" started-at="2018-05-13T13:21:57Z" name="testGetAllEdges" description="Teste de la mÃ©thode getAllEdges" finished-at="2018-05-13T13:21:57Z" duration-ms="4" status="PASS">
          <reporter-output>
          </reporter-output>
        </test-method> <!-- testGetAllEdges -->
        <test-method is-config="true" signature="tearDown(java.lang.reflect.Method)[pri:0, instance:com.puck.reader.xml.ReaderTest@2805c96b]" started-at="2018-05-13T13:21:57Z" name="tearDown" finished-at="2018-05-13T13:21:57Z" duration-ms="0" status="PASS">
          <params>
            <param index="0">
              <value>
                <![CDATA[public void com.puck.reader.xml.ReaderTest.testGetAllEdges()]]>
              </value>
            </param>
          </params>
          <reporter-output>
          </reporter-output>
        </test-method> <!-- tearDown -->
        <test-method is-config="true" signature="setUp(java.lang.reflect.Method)[pri:0, instance:com.puck.reader.xml.ReaderTest@2805c96b]" started-at="2018-05-13T13:21:57Z" name="setUp" finished-at="2018-05-13T13:21:57Z" duration-ms="6" status="PASS">
          <params>
            <param index="0">
              <value>
                <![CDATA[public void com.puck.reader.xml.ReaderTest.testGetAllNodes()]]>
              </value>
            </param>
          </params>
          <reporter-output>
          </reporter-output>
        </test-method> <!-- setUp -->
        <test-method signature="testGetAllNodes()[pri:0, instance:com.puck.reader.xml.ReaderTest@2805c96b]" started-at="2018-05-13T13:21:57Z" name="testGetAllNodes" description="Teste de la methode getAllNodes" finished-at="2018-05-13T13:21:57Z" duration-ms="4" status="PASS">
          <reporter-output>
          </reporter-output>
        </test-method> <!-- testGetAllNodes -->
        <test-method is-config="true" signature="tearDown(java.lang.reflect.Method)[pri:0, instance:com.puck.reader.xml.ReaderTest@2805c96b]" started-at="2018-05-13T13:21:57Z" name="tearDown" finished-at="2018-05-13T13:21:57Z" duration-ms="0" status="PASS">
          <params>
            <param index="0">
              <value>
                <![CDATA[public void com.puck.reader.xml.ReaderTest.testGetAllNodes()]]>
              </value>
            </param>
          </params>
          <reporter-output>
          </reporter-output>
        </test-method> <!-- tearDown -->
        <test-method is-config="true" signature="setUp(java.lang.reflect.Method)[pri:0, instance:com.puck.reader.xml.ReaderTest@2805c96b]" started-at="2018-05-13T13:21:57Z" name="setUp" finished-at="2018-05-13T13:21:57Z" duration-ms="8" status="PASS">
          <params>
            <param index="0">
              <value>
                <![CDATA[public void com.puck.reader.xml.ReaderTest.testGetEdge()]]>
              </value>
            </param>
          </params>
          <reporter-output>
          </reporter-output>
        </test-method> <!-- setUp -->
        <test-method signature="testGetEdge()[pri:0, instance:com.puck.reader.xml.ReaderTest@2805c96b]" started-at="2018-05-13T13:21:57Z" name="testGetEdge" finished-at="2018-05-13T13:21:57Z" duration-ms="1" status="PASS">
          <reporter-output>
          </reporter-output>
        </test-method> <!-- testGetEdge -->
        <test-method is-config="true" signature="tearDown(java.lang.reflect.Method)[pri:0, instance:com.puck.reader.xml.ReaderTest@2805c96b]" started-at="2018-05-13T13:21:57Z" name="tearDown" finished-at="2018-05-13T13:21:57Z" duration-ms="0" status="PASS">
          <params>
            <param index="0">
              <value>
                <![CDATA[public void com.puck.reader.xml.ReaderTest.testGetEdge()]]>
              </value>
            </param>
          </params>
          <reporter-output>
          </reporter-output>
        </test-method> <!-- tearDown -->
        <test-method is-config="true" signature="setUp(java.lang.reflect.Method)[pri:0, instance:com.puck.reader.xml.ReaderTest@2805c96b]" started-at="2018-05-13T13:21:57Z" name="setUp" finished-at="2018-05-13T13:21:57Z" duration-ms="3" status="PASS">
          <params>
            <param index="0">
              <value>
                <![CDATA[public void com.puck.reader.xml.ReaderTest.testGetEdgeDestination()]]>
              </value>
            </param>
          </params>
          <reporter-output>
          </reporter-output>
        </test-method> <!-- setUp -->
        <test-method is-config="true" signature="tearDown(java.lang.reflect.Method)[pri:0, instance:com.puck.reader.xml.ReaderTest@2805c96b]" started-at="2018-05-13T13:21:57Z" name="tearDown" finished-at="2018-05-13T13:21:57Z" duration-ms="1" status="PASS">
          <params>
            <param index="0">
              <value>
                <![CDATA[public void com.puck.reader.xml.ReaderTest.testGetEdgeDestination()]]>
              </value>
            </param>
          </params>
          <reporter-output>
          </reporter-output>
        </test-method> <!-- tearDown -->
        <test-method signature="testGetEdgeDestination()[pri:0, instance:com.puck.reader.xml.ReaderTest@2805c96b]" started-at="2018-05-13T13:21:57Z" name="testGetEdgeDestination" finished-at="2018-05-13T13:21:57Z" duration-ms="0" status="PASS">
          <reporter-output>
          </reporter-output>
        </test-method> <!-- testGetEdgeDestination -->
        <test-method is-config="true" signature="setUp(java.lang.reflect.Method)[pri:0, instance:com.puck.reader.xml.ReaderTest@2805c96b]" started-at="2018-05-13T13:21:57Z" name="setUp" finished-at="2018-05-13T13:21:57Z" duration-ms="3" status="PASS">
          <params>
            <param index="0">
              <value>
                <![CDATA[public void com.puck.reader.xml.ReaderTest.testGetEdgeFrom()]]>
              </value>
            </param>
          </params>
          <reporter-output>
          </reporter-output>
        </test-method> <!-- setUp -->
        <test-method signature="testGetEdgeFrom()[pri:0, instance:com.puck.reader.xml.ReaderTest@2805c96b]" started-at="2018-05-13T13:21:57Z" name="testGetEdgeFrom" finished-at="2018-05-13T13:21:57Z" duration-ms="0" status="PASS">
          <reporter-output>
          </reporter-output>
        </test-method> <!-- testGetEdgeFrom -->
        <test-method is-config="true" signature="tearDown(java.lang.reflect.Method)[pri:0, instance:com.puck.reader.xml.ReaderTest@2805c96b]" started-at="2018-05-13T13:21:57Z" name="tearDown" finished-at="2018-05-13T13:21:57Z" duration-ms="1" status="PASS">
          <params>
            <param index="0">
              <value>
                <![CDATA[public void com.puck.reader.xml.ReaderTest.testGetEdgeFrom()]]>
              </value>
            </param>
          </params>
          <reporter-output>
          </reporter-output>
        </test-method> <!-- tearDown -->
        <test-method is-config="true" signature="setUp(java.lang.reflect.Method)[pri:0, instance:com.puck.reader.xml.ReaderTest@2805c96b]" started-at="2018-05-13T13:21:57Z" name="setUp" finished-at="2018-05-13T13:21:57Z" duration-ms="2" status="PASS">
          <params>
            <param index="0">
              <value>
                <![CDATA[public void com.puck.reader.xml.ReaderTest.testGetEdgeId()]]>
              </value>
            </param>
          </params>
          <reporter-output>
          </reporter-output>
        </test-method> <!-- setUp -->
        <test-method signature="testGetEdgeId()[pri:0, instance:com.puck.reader.xml.ReaderTest@2805c96b]" started-at="2018-05-13T13:21:57Z" name="testGetEdgeId" finished-at="2018-05-13T13:21:57Z" duration-ms="0" status="PASS">
          <reporter-output>
          </reporter-output>
        </test-method> <!-- testGetEdgeId -->
        <test-method is-config="true" signature="tearDown(java.lang.reflect.Method)[pri:0, instance:com.puck.reader.xml.ReaderTest@2805c96b]" started-at="2018-05-13T13:21:57Z" name="tearDown" finished-at="2018-05-13T13:21:57Z" duration-ms="0" status="PASS">
          <params>
            <param index="0">
              <value>
                <![CDATA[public void com.puck.reader.xml.ReaderTest.testGetEdgeId()]]>
              </value>
            </param>
          </params>
          <reporter-output>
          </reporter-output>
        </test-method> <!-- tearDown -->
        <test-method is-config="true" signature="setUp(java.lang.reflect.Method)[pri:0, instance:com.puck.reader.xml.ReaderTest@2805c96b]" started-at="2018-05-13T13:21:57Z" name="setUp" finished-at="2018-05-13T13:21:57Z" duration-ms="2" status="PASS">
          <params>
            <param index="0">
              <value>
                <![CDATA[public void com.puck.reader.xml.ReaderTest.testGetEdgeSource()]]>
              </value>
            </param>
          </params>
          <reporter-output>
          </reporter-output>
        </test-method> <!-- setUp -->
        <test-method signature="testGetEdgeSource()[pri:0, instance:com.puck.reader.xml.ReaderTest@2805c96b]" started-at="2018-05-13T13:21:57Z" name="testGetEdgeSource" finished-at="2018-05-13T13:21:57Z" duration-ms="0" status="PASS">
          <reporter-output>
          </reporter-output>
        </test-method> <!-- testGetEdgeSource -->
        <test-method is-config="true" signature="tearDown(java.lang.reflect.Method)[pri:0, instance:com.puck.reader.xml.ReaderTest@2805c96b]" started-at="2018-05-13T13:21:57Z" name="tearDown" finished-at="2018-05-13T13:21:57Z" duration-ms="0" status="PASS">
          <params>
            <param index="0">
              <value>
                <![CDATA[public void com.puck.reader.xml.ReaderTest.testGetEdgeSource()]]>
              </value>
            </param>
          </params>
          <reporter-output>
          </reporter-output>
        </test-method> <!-- tearDown -->
        <test-method is-config="true" signature="setUp(java.lang.reflect.Method)[pri:0, instance:com.puck.reader.xml.ReaderTest@2805c96b]" started-at="2018-05-13T13:21:57Z" name="setUp" finished-at="2018-05-13T13:21:57Z" duration-ms="5" status="PASS">
          <params>
            <param index="0">
              <value>
                <![CDATA[public void com.puck.reader.xml.ReaderTest.testGetEdgeType()]]>
              </value>
            </param>
          </params>
          <reporter-output>
          </reporter-output>
        </test-method> <!-- setUp -->
        <test-method is-config="true" signature="tearDown(java.lang.reflect.Method)[pri:0, instance:com.puck.reader.xml.ReaderTest@2805c96b]" started-at="2018-05-13T13:21:57Z" name="tearDown" finished-at="2018-05-13T13:21:57Z" duration-ms="1" status="PASS">
          <params>
            <param index="0">
              <value>
                <![CDATA[public void com.puck.reader.xml.ReaderTest.testGetEdgeType()]]>
              </value>
            </param>
          </params>
          <reporter-output>
          </reporter-output>
        </test-method> <!-- tearDown -->
        <test-method signature="testGetEdgeType()[pri:0, instance:com.puck.reader.xml.ReaderTest@2805c96b]" started-at="2018-05-13T13:21:57Z" name="testGetEdgeType" finished-at="2018-05-13T13:21:57Z" duration-ms="0" status="PASS">
          <reporter-output>
          </reporter-output>
        </test-method> <!-- testGetEdgeType -->
        <test-method is-config="true" signature="setUp(java.lang.reflect.Method)[pri:0, instance:com.puck.reader.xml.ReaderTest@2805c96b]" started-at="2018-05-13T13:21:57Z" name="setUp" finished-at="2018-05-13T13:21:57Z" duration-ms="3" status="PASS">
          <params>
            <param index="0">
              <value>
                <![CDATA[public void com.puck.reader.xml.ReaderTest.testGetNbEdges()]]>
              </value>
            </param>
          </params>
          <reporter-output>
          </reporter-output>
        </test-method> <!-- setUp -->
        <test-method signature="testGetNbEdges()[pri:0, instance:com.puck.reader.xml.ReaderTest@2805c96b]" started-at="2018-05-13T13:21:57Z" name="testGetNbEdges" description="Teste de la mÃ©thode getNbEdges" finished-at="2018-05-13T13:21:57Z" duration-ms="2" status="PASS">
          <reporter-output>
          </reporter-output>
        </test-method> <!-- testGetNbEdges -->
        <test-method is-config="true" signature="tearDown(java.lang.reflect.Method)[pri:0, instance:com.puck.reader.xml.ReaderTest@2805c96b]" started-at="2018-05-13T13:21:57Z" name="tearDown" finished-at="2018-05-13T13:21:57Z" duration-ms="1" status="PASS">
          <params>
            <param index="0">
              <value>
                <![CDATA[public void com.puck.reader.xml.ReaderTest.testGetNbEdges()]]>
              </value>
            </param>
          </params>
          <reporter-output>
          </reporter-output>
        </test-method> <!-- tearDown -->
        <test-method is-config="true" signature="setUp(java.lang.reflect.Method)[pri:0, instance:com.puck.reader.xml.ReaderTest@2805c96b]" started-at="2018-05-13T13:21:57Z" name="setUp" finished-at="2018-05-13T13:21:57Z" duration-ms="3" status="PASS">
          <params>
            <param index="0">
              <value>
                <![CDATA[public void com.puck.reader.xml.ReaderTest.testGetNbNodes()]]>
              </value>
            </param>
          </params>
          <reporter-output>
          </reporter-output>
        </test-method> <!-- setUp -->
        <test-method signature="testGetNbNodes()[pri:0, instance:com.puck.reader.xml.ReaderTest@2805c96b]" started-at="2018-05-13T13:21:57Z" name="testGetNbNodes" description="Teste de la methode getNbNodes" finished-at="2018-05-13T13:21:57Z" duration-ms="2" status="PASS">
          <reporter-output>
          </reporter-output>
        </test-method> <!-- testGetNbNodes -->
        <test-method is-config="true" signature="tearDown(java.lang.reflect.Method)[pri:0, instance:com.puck.reader.xml.ReaderTest@2805c96b]" started-at="2018-05-13T13:21:57Z" name="tearDown" finished-at="2018-05-13T13:21:57Z" duration-ms="36" status="PASS">
          <params>
            <param index="0">
              <value>
                <![CDATA[public void com.puck.reader.xml.ReaderTest.testGetNbNodes()]]>
              </value>
            </param>
          </params>
          <reporter-output>
          </reporter-output>
        </test-method> <!-- tearDown -->
        <test-method is-config="true" signature="setUp(java.lang.reflect.Method)[pri:0, instance:com.puck.reader.xml.ReaderTest@2805c96b]" started-at="2018-05-13T13:21:57Z" name="setUp" finished-at="2018-05-13T13:21:57Z" duration-ms="6" status="PASS">
          <params>
            <param index="0">
              <value>
                <![CDATA[public void com.puck.reader.xml.ReaderTest.testGetNode()]]>
              </value>
            </param>
          </params>
          <reporter-output>
          </reporter-output>
        </test-method> <!-- setUp -->
        <test-method signature="testGetNode()[pri:0, instance:com.puck.reader.xml.ReaderTest@2805c96b]" started-at="2018-05-13T13:21:57Z" name="testGetNode" description="Teste de la methode getNode" finished-at="2018-05-13T13:21:57Z" duration-ms="4" status="PASS">
          <reporter-output>
          </reporter-output>
        </test-method> <!-- testGetNode -->
        <test-method is-config="true" signature="tearDown(java.lang.reflect.Method)[pri:0, instance:com.puck.reader.xml.ReaderTest@2805c96b]" started-at="2018-05-13T13:21:57Z" name="tearDown" finished-at="2018-05-13T13:21:57Z" duration-ms="0" status="PASS">
          <params>
            <param index="0">
              <value>
                <![CDATA[public void com.puck.reader.xml.ReaderTest.testGetNode()]]>
              </value>
            </param>
          </params>
          <reporter-output>
          </reporter-output>
        </test-method> <!-- tearDown -->
        <test-method is-config="true" signature="setUp(java.lang.reflect.Method)[pri:0, instance:com.puck.reader.xml.ReaderTest@2805c96b]" started-at="2018-05-13T13:21:57Z" name="setUp" finished-at="2018-05-13T13:21:57Z" duration-ms="3" status="PASS">
          <params>
            <param index="0">
              <value>
                <![CDATA[public void com.puck.reader.xml.ReaderTest.testGetNodeId()]]>
              </value>
            </param>
          </params>
          <reporter-output>
          </reporter-output>
        </test-method> <!-- setUp -->
        <test-method signature="testGetNodeId()[pri:0, instance:com.puck.reader.xml.ReaderTest@2805c96b]" started-at="2018-05-13T13:21:57Z" name="testGetNodeId" description="Teste de la methode getNodeId" finished-at="2018-05-13T13:21:57Z" duration-ms="3" status="PASS">
          <reporter-output>
          </reporter-output>
        </test-method> <!-- testGetNodeId -->
        <test-method is-config="true" signature="tearDown(java.lang.reflect.Method)[pri:0, instance:com.puck.reader.xml.ReaderTest@2805c96b]" started-at="2018-05-13T13:21:57Z" name="tearDown" finished-at="2018-05-13T13:21:57Z" duration-ms="0" status="PASS">
          <params>
            <param index="0">
              <value>
                <![CDATA[public void com.puck.reader.xml.ReaderTest.testGetNodeId()]]>
              </value>
            </param>
          </params>
          <reporter-output>
          </reporter-output>
        </test-method> <!-- tearDown -->
        <test-method is-config="true" signature="setUp(java.lang.reflect.Method)[pri:0, instance:com.puck.reader.xml.ReaderTest@2805c96b]" started-at="2018-05-13T13:21:57Z" name="setUp" finished-at="2018-05-13T13:21:57Z" duration-ms="3" status="PASS">
          <params>
            <param index="0">
              <value>
                <![CDATA[public void com.puck.reader.xml.ReaderTest.testGetNodeName()]]>
              </value>
            </param>
          </params>
          <reporter-output>
          </reporter-output>
        </test-method> <!-- setUp -->
        <test-method signature="testGetNodeName()[pri:0, instance:com.puck.reader.xml.ReaderTest@2805c96b]" started-at="2018-05-13T13:21:57Z" name="testGetNodeName" description="Teste de la methode getNodeName" finished-at="2018-05-13T13:21:57Z" duration-ms="3" status="PASS">
          <reporter-output>
          </reporter-output>
        </test-method> <!-- testGetNodeName -->
        <test-method is-config="true" signature="tearDown(java.lang.reflect.Method)[pri:0, instance:com.puck.reader.xml.ReaderTest@2805c96b]" started-at="2018-05-13T13:21:57Z" name="tearDown" finished-at="2018-05-13T13:21:57Z" duration-ms="0" status="PASS">
          <params>
            <param index="0">
              <value>
                <![CDATA[public void com.puck.reader.xml.ReaderTest.testGetNodeName()]]>
              </value>
            </param>
          </params>
          <reporter-output>
          </reporter-output>
        </test-method> <!-- tearDown -->
        <test-method is-config="true" signature="setUp(java.lang.reflect.Method)[pri:0, instance:com.puck.reader.xml.ReaderTest@2805c96b]" started-at="2018-05-13T13:21:57Z" name="setUp" finished-at="2018-05-13T13:21:57Z" duration-ms="5" status="PASS">
          <params>
            <param index="0">
              <value>
                <![CDATA[public void com.puck.reader.xml.ReaderTest.testGetNodeType()]]>
              </value>
            </param>
          </params>
          <reporter-output>
          </reporter-output>
        </test-method> <!-- setUp -->
        <test-method signature="testGetNodeType()[pri:0, instance:com.puck.reader.xml.ReaderTest@2805c96b]" started-at="2018-05-13T13:21:57Z" name="testGetNodeType" description="Teste de la methode getNodeType" finished-at="2018-05-13T13:21:57Z" duration-ms="2" status="PASS">
          <reporter-output>
          </reporter-output>
        </test-method> <!-- testGetNodeType -->
        <test-method is-config="true" signature="tearDown(java.lang.reflect.Method)[pri:0, instance:com.puck.reader.xml.ReaderTest@2805c96b]" started-at="2018-05-13T13:21:57Z" name="tearDown" finished-at="2018-05-13T13:21:57Z" duration-ms="0" status="PASS">
          <params>
            <param index="0">
              <value>
                <![CDATA[public void com.puck.reader.xml.ReaderTest.testGetNodeType()]]>
              </value>
            </param>
          </params>
          <reporter-output>
          </reporter-output>
        </test-method> <!-- tearDown -->
      </class> <!-- com.puck.reader.xml.ReaderTest -->
    </test> <!-- Ant test -->
  </suite> <!-- Ant suite -->
</testng-results>
